[debug] [2025-12-26T03:53:24.358Z] ----------------------------------------------------------------------
[debug] [2025-12-26T03:53:24.364Z] Command:       C:\Program Files\nodejs\node.exe C:\Users\acer\AppData\Roaming\npm\node_modules\firebase-tools\lib\bin\firebase.js init hosting
[debug] [2025-12-26T03:53:24.365Z] CLI Version:   15.1.0
[debug] [2025-12-26T03:53:24.365Z] Platform:      win32
[debug] [2025-12-26T03:53:24.366Z] Node Version:  v22.11.0
[debug] [2025-12-26T03:53:24.367Z] Time:          Fri Dec 26 2025 09:23:24 GMT+0530 (India Standard Time)
[debug] [2025-12-26T03:53:24.367Z] ----------------------------------------------------------------------
[debug] 
[info] 
     ######## #### ########  ######## ########     ###     ######  ########
     ##        ##  ##     ## ##       ##     ##  ##   ##  ##       ##
     ######    ##  ########  ######   ########  #########  ######  ######
     ##        ##  ##    ##  ##       ##     ## ##     ##       ## ##
     ##       #### ##     ## ######## ########  ##     ##  ######  ########

You're about to initialize a Firebase project in this directory:

  D:\wildstayresort

[info] 
=== Project Setup
[info] 
[info] First, let's associate this project directory with a Firebase project.
[info] You can create multiple project aliases by running firebase use --add, 
[info] 
[info] i  If you want to create a project in a Google Cloud organization or folder, please use "firebase projects:create" instead, and return to this command when you've created the project. 
[debug] [2025-12-26T03:53:38.053Z] > command requires scopes: ["email","openid","https://www.googleapis.com/auth/cloudplatformprojects.readonly","https://www.googleapis.com/auth/firebase","https://www.googleapis.com/auth/cloud-platform"]
[debug] [2025-12-26T03:53:38.053Z] > authorizing via signed-in user (lumorange.bharat@gmail.com)
[debug] [2025-12-26T03:53:52.612Z] Checked if tokens are valid: false, expires at: 1766685007456
[debug] [2025-12-26T03:53:52.612Z] Checked if tokens are valid: false, expires at: 1766685007456
[debug] [2025-12-26T03:53:52.613Z] > refreshing access token with scopes: []
[debug] [2025-12-26T03:53:52.616Z] >>> [apiv2][query] POST https://www.googleapis.com/oauth2/v3/token [none]
[debug] [2025-12-26T03:53:52.616Z] >>> [apiv2][body] POST https://www.googleapis.com/oauth2/v3/token [omitted]
[debug] [2025-12-26T03:53:53.283Z] <<< [apiv2][status] POST https://www.googleapis.com/oauth2/v3/token 200
[debug] [2025-12-26T03:53:53.284Z] <<< [apiv2][body] POST https://www.googleapis.com/oauth2/v3/token [omitted]
[debug] [2025-12-26T03:53:53.305Z] >>> [apiv2][query] POST https://firebase.googleapis.com/v1/projects:checkProjectId [none]
[debug] [2025-12-26T03:53:53.305Z] >>> [apiv2][body] POST https://firebase.googleapis.com/v1/projects:checkProjectId {"proposedId":"wildstay"}
[debug] [2025-12-26T03:53:54.331Z] <<< [apiv2][status] POST https://firebase.googleapis.com/v1/projects:checkProjectId 200
[debug] [2025-12-26T03:53:54.331Z] <<< [apiv2][body] POST https://firebase.googleapis.com/v1/projects:checkProjectId {"projectIdStatus":"PROJECT_ID_UNAVAILABLE","suggestedProjectId":"wildstay-a211f"}
[debug] [2025-12-26T03:54:03.234Z] Checked if tokens are valid: true, expires at: 1766724832284
[debug] [2025-12-26T03:54:03.234Z] Checked if tokens are valid: true, expires at: 1766724832284
[debug] [2025-12-26T03:54:03.237Z] >>> [apiv2][query] POST https://firebase.googleapis.com/v1/projects:checkProjectId [none]
[debug] [2025-12-26T03:54:03.237Z] >>> [apiv2][body] POST https://firebase.googleapis.com/v1/projects:checkProjectId {"proposedId":"wildstayresort"}
[debug] [2025-12-26T03:54:04.313Z] <<< [apiv2][status] POST https://firebase.googleapis.com/v1/projects:checkProjectId 200
[debug] [2025-12-26T03:54:04.314Z] <<< [apiv2][body] POST https://firebase.googleapis.com/v1/projects:checkProjectId {"projectIdStatus":"PROJECT_ID_AVAILABLE","suggestedProjectId":"wildstayresort"}
[debug] [2025-12-26T03:54:10.771Z] Checked if tokens are valid: true, expires at: 1766724832284
[debug] [2025-12-26T03:54:10.771Z] Checked if tokens are valid: true, expires at: 1766724832284
[debug] [2025-12-26T03:54:10.772Z] >>> [apiv2][query] POST https://cloudresourcemanager.googleapis.com/v1/projects [none]
[debug] [2025-12-26T03:54:10.772Z] >>> [apiv2][body] POST https://cloudresourcemanager.googleapis.com/v1/projects {"projectId":"wildstayresort","name":"wildstayresort"}
[debug] [2025-12-26T03:54:13.089Z] <<< [apiv2][status] POST https://cloudresourcemanager.googleapis.com/v1/projects 200
[debug] [2025-12-26T03:54:13.089Z] <<< [apiv2][body] POST https://cloudresourcemanager.googleapis.com/v1/projects {"name":"operations/create_project.global.6706873098268899112"}
[debug] [2025-12-26T03:54:13.091Z] Checked if tokens are valid: true, expires at: 1766724832284
[debug] [2025-12-26T03:54:13.091Z] Checked if tokens are valid: true, expires at: 1766724832284
[debug] [2025-12-26T03:54:13.092Z] >>> [apiv2][query] GET https://cloudresourcemanager.googleapis.com/v1/operations/create_project.global.6706873098268899112 [none]
[debug] [2025-12-26T03:54:14.484Z] <<< [apiv2][status] GET https://cloudresourcemanager.googleapis.com/v1/operations/create_project.global.6706873098268899112 200
[debug] [2025-12-26T03:54:14.484Z] <<< [apiv2][body] GET https://cloudresourcemanager.googleapis.com/v1/operations/create_project.global.6706873098268899112 {"name":"operations/create_project.global.6706873098268899112"}
[debug] [2025-12-26T03:54:14.987Z] [Project Creation Poller] Retrying task index 0
[debug] [2025-12-26T03:54:14.988Z] Checked if tokens are valid: true, expires at: 1766724832284
[debug] [2025-12-26T03:54:14.988Z] Checked if tokens are valid: true, expires at: 1766724832284
[debug] [2025-12-26T03:54:14.988Z] >>> [apiv2][query] GET https://cloudresourcemanager.googleapis.com/v1/operations/create_project.global.6706873098268899112 [none]
[debug] [2025-12-26T03:54:15.400Z] <<< [apiv2][status] GET https://cloudresourcemanager.googleapis.com/v1/operations/create_project.global.6706873098268899112 200
[debug] [2025-12-26T03:54:15.400Z] <<< [apiv2][body] GET https://cloudresourcemanager.googleapis.com/v1/operations/create_project.global.6706873098268899112 {"name":"operations/create_project.global.6706873098268899112","metadata":{"@type":"type.googleapis.com/google.cloudresourcemanager.v1.ProjectCreationStatus","gettable":true,"ready":true},"done":true,"response":{"@type":"type.googleapis.com/google.cloudresourcemanager.v1.Project","projectNumber":"423326114460","projectId":"wildstayresort","lifecycleState":"ACTIVE","name":"wildstayresort","createTime":"2025-12-26T03:54:14.232649Z"}}
[debug] [2025-12-26T03:54:15.402Z] Checked if tokens are valid: true, expires at: 1766724832284
[debug] [2025-12-26T03:54:15.403Z] Checked if tokens are valid: true, expires at: 1766724832284
[debug] [2025-12-26T03:54:15.403Z] >>> [apiv2][query] POST https://firebase.googleapis.com/v1beta1/projects/wildstayresort:addFirebase [none]
[debug] [2025-12-26T03:54:19.316Z] <<< [apiv2][status] POST https://firebase.googleapis.com/v1beta1/projects/wildstayresort:addFirebase 200
[debug] [2025-12-26T03:54:19.317Z] <<< [apiv2][body] POST https://firebase.googleapis.com/v1beta1/projects/wildstayresort:addFirebase {"name":"operations/workflows/MTA0NjQ3NDMtMmMyNS00OWIxLTljMjctNjhlOTgwMGEwYzIy"}
[debug] [2025-12-26T03:54:19.317Z] Checked if tokens are valid: true, expires at: 1766724832284
[debug] [2025-12-26T03:54:19.317Z] Checked if tokens are valid: true, expires at: 1766724832284
[debug] [2025-12-26T03:54:19.317Z] >>> [apiv2][query] GET https://firebase.googleapis.com/v1beta1/operations/workflows/MTA0NjQ3NDMtMmMyNS00OWIxLTljMjctNjhlOTgwMGEwYzIy [none]
[debug] [2025-12-26T03:54:20.503Z] <<< [apiv2][status] GET https://firebase.googleapis.com/v1beta1/operations/workflows/MTA0NjQ3NDMtMmMyNS00OWIxLTljMjctNjhlOTgwMGEwYzIy 200
[debug] [2025-12-26T03:54:20.504Z] <<< [apiv2][body] GET https://firebase.googleapis.com/v1beta1/operations/workflows/MTA0NjQ3NDMtMmMyNS00OWIxLTljMjctNjhlOTgwMGEwYzIy {"name":"operations/workflows/MTA0NjQ3NDMtMmMyNS00OWIxLTljMjctNjhlOTgwMGEwYzIy"}
[debug] [2025-12-26T03:54:21.019Z] [Add Firebase Poller] Retrying task index 0
[debug] [2025-12-26T03:54:21.019Z] Checked if tokens are valid: true, expires at: 1766724832284
[debug] [2025-12-26T03:54:21.019Z] Checked if tokens are valid: true, expires at: 1766724832284
[debug] [2025-12-26T03:54:21.020Z] >>> [apiv2][query] GET https://firebase.googleapis.com/v1beta1/operations/workflows/MTA0NjQ3NDMtMmMyNS00OWIxLTljMjctNjhlOTgwMGEwYzIy [none]
[debug] [2025-12-26T03:54:22.091Z] <<< [apiv2][status] GET https://firebase.googleapis.com/v1beta1/operations/workflows/MTA0NjQ3NDMtMmMyNS00OWIxLTljMjctNjhlOTgwMGEwYzIy 200
[debug] [2025-12-26T03:54:22.091Z] <<< [apiv2][body] GET https://firebase.googleapis.com/v1beta1/operations/workflows/MTA0NjQ3NDMtMmMyNS00OWIxLTljMjctNjhlOTgwMGEwYzIy {"name":"operations/workflows/MTA0NjQ3NDMtMmMyNS00OWIxLTljMjctNjhlOTgwMGEwYzIy"}
[debug] [2025-12-26T03:54:23.104Z] [Add Firebase Poller] Retrying task index 0
[debug] [2025-12-26T03:54:23.105Z] Checked if tokens are valid: true, expires at: 1766724832284
[debug] [2025-12-26T03:54:23.105Z] Checked if tokens are valid: true, expires at: 1766724832284
[debug] [2025-12-26T03:54:23.105Z] >>> [apiv2][query] GET https://firebase.googleapis.com/v1beta1/operations/workflows/MTA0NjQ3NDMtMmMyNS00OWIxLTljMjctNjhlOTgwMGEwYzIy [none]
[debug] [2025-12-26T03:54:24.509Z] <<< [apiv2][status] GET https://firebase.googleapis.com/v1beta1/operations/workflows/MTA0NjQ3NDMtMmMyNS00OWIxLTljMjctNjhlOTgwMGEwYzIy 200
[debug] [2025-12-26T03:54:24.509Z] <<< [apiv2][body] GET https://firebase.googleapis.com/v1beta1/operations/workflows/MTA0NjQ3NDMtMmMyNS00OWIxLTljMjctNjhlOTgwMGEwYzIy {"name":"operations/workflows/MTA0NjQ3NDMtMmMyNS00OWIxLTljMjctNjhlOTgwMGEwYzIy"}
[debug] [2025-12-26T03:54:26.511Z] [Add Firebase Poller] Retrying task index 0
[debug] [2025-12-26T03:54:26.512Z] Checked if tokens are valid: true, expires at: 1766724832284
[debug] [2025-12-26T03:54:26.512Z] Checked if tokens are valid: true, expires at: 1766724832284
[debug] [2025-12-26T03:54:26.512Z] >>> [apiv2][query] GET https://firebase.googleapis.com/v1beta1/operations/workflows/MTA0NjQ3NDMtMmMyNS00OWIxLTljMjctNjhlOTgwMGEwYzIy [none]
[debug] [2025-12-26T03:54:27.782Z] <<< [apiv2][status] GET https://firebase.googleapis.com/v1beta1/operations/workflows/MTA0NjQ3NDMtMmMyNS00OWIxLTljMjctNjhlOTgwMGEwYzIy 200
[debug] [2025-12-26T03:54:27.783Z] <<< [apiv2][body] GET https://firebase.googleapis.com/v1beta1/operations/workflows/MTA0NjQ3NDMtMmMyNS00OWIxLTljMjctNjhlOTgwMGEwYzIy {"name":"operations/workflows/MTA0NjQ3NDMtMmMyNS00OWIxLTljMjctNjhlOTgwMGEwYzIy"}
[debug] [2025-12-26T03:54:31.787Z] [Add Firebase Poller] Retrying task index 0
[debug] [2025-12-26T03:54:31.788Z] Checked if tokens are valid: true, expires at: 1766724832284
[debug] [2025-12-26T03:54:31.788Z] Checked if tokens are valid: true, expires at: 1766724832284
[debug] [2025-12-26T03:54:31.789Z] >>> [apiv2][query] GET https://firebase.googleapis.com/v1beta1/operations/workflows/MTA0NjQ3NDMtMmMyNS00OWIxLTljMjctNjhlOTgwMGEwYzIy [none]
[debug] [2025-12-26T03:54:32.701Z] <<< [apiv2][status] GET https://firebase.googleapis.com/v1beta1/operations/workflows/MTA0NjQ3NDMtMmMyNS00OWIxLTljMjctNjhlOTgwMGEwYzIy 200
[debug] [2025-12-26T03:54:32.701Z] <<< [apiv2][body] GET https://firebase.googleapis.com/v1beta1/operations/workflows/MTA0NjQ3NDMtMmMyNS00OWIxLTljMjctNjhlOTgwMGEwYzIy {"name":"operations/workflows/MTA0NjQ3NDMtMmMyNS00OWIxLTljMjctNjhlOTgwMGEwYzIy","done":true,"response":{"@type":"type.googleapis.com/google.firebase.service.v1beta1.FirebaseProject","projectId":"wildstayresort","projectNumber":"423326114460","displayName":"wildstayresort","name":"projects/wildstayresort","resources":{"hostingSite":"wildstayresort"}}}
[info] 
[info] === Your Firebase project is ready! ===
[info] 
[info] Project information:
[info]    - Project ID: wildstayresort
[info]    - Project Name: wildstayresort
[info] 
[info] Firebase console is available at
[info] https://console.firebase.google.com/project/wildstayresort/overview
[info] 
=== Hosting Setup
[debug] [2025-12-26T03:54:32.725Z] Checked if tokens are valid: true, expires at: 1766724832284
[debug] [2025-12-26T03:54:32.726Z] Checked if tokens are valid: true, expires at: 1766724832284
[debug] [2025-12-26T03:54:32.727Z] >>> [apiv2][query] GET https://firebase.googleapis.com/v1beta1/projects/wildstayresort [none]
[debug] [2025-12-26T03:54:34.099Z] <<< [apiv2][status] GET https://firebase.googleapis.com/v1beta1/projects/wildstayresort 200
[debug] [2025-12-26T03:54:34.100Z] <<< [apiv2][body] GET https://firebase.googleapis.com/v1beta1/projects/wildstayresort {"projectId":"wildstayresort","projectNumber":"423326114460","displayName":"wildstayresort","name":"projects/wildstayresort","resources":{"hostingSite":"wildstayresort"},"state":"ACTIVE","etag":"1_089cc099-e8d7-4c9c-a1d6-ccf3471936a3"}
[info] 
[info] Your public directory is the folder (relative to your project directory) that
[info] will contain Hosting assets to be uploaded with firebase deploy. If you
[info] have a build process for your assets, use your build's output directory.
[info] 
